# JRE version: OpenJDK Runtime Environment (Red_Hat-17.0.8.0+7-1) (17.0.8+7) (build 17.0.8+7-LTS)
# Java VM: OpenJDK 64-Bit Server VM (Red_Hat-17.0.8.0+7-1) (17.0.8+7-LTS, mixed mode, sharing, tiered, compressed oops, compressed class ptrs, g1 gc, windows-amd64)
GC Precious Log:
 CPUs: 12 total, 12 available
 Memory: 16205M
 Large Page Support: Disabled
 NUMA Support: Disabled
 Compressed Oops: Enabled (Zero based)
 Heap Region Size: 2M
 Heap Min Capacity: 8M
 Heap Initial Capacity: 254M
 Heap Max Capacity: 4052M
 Pre-touch: Disabled
 Parallel Workers: 10
 Concurrent Workers: 3
 Concurrent Refinement Workers: 10
 Periodic GC: Disabled
Heap:
 garbage-first heap   total 96256K, used 28568K [0x0000000702c00000, 0x0000000800000000)
  region size 2048K, 5 young (10240K), 2 survivors (4096K)
 Metaspace       used 60844K, committed 61312K, reserved 1114112K
  class space    used 8404K, committed 8640K, reserved 1048576K
GC Heap History (20 events):
Event: 1.541 GC heap before
{Heap before GC invocations=2 (full 0):
 garbage-first heap   total 260096K, used 71767K [0x0000000702c00000, 0x0000000800000000)
  region size 2048K, 33 young (67584K), 1 survivors (2048K)
 Metaspace       used 21293K, committed 21504K, reserved 1114112K
  class space    used 2673K, committed 2752K, reserved 1048576K
}
Event: 1.546 GC heap after
{Heap after GC invocations=3 (full 0):
 garbage-first heap   total 260096K, used 13438K [0x0000000702c00000, 0x0000000800000000)
  region size 2048K, 4 young (8192K), 4 survivors (8192K)
 Metaspace       used 21293K, committed 21504K, reserved 1114112K
  class space    used 2673K, committed 2752K, reserved 1048576K
}
Event: 2.006 GC heap before
{Heap before GC invocations=4 (full 0):
 garbage-first heap   total 61440K, used 42110K [0x0000000702c00000, 0x0000000800000000)
  region size 2048K, 18 young (36864K), 4 survivors (8192K)
 Metaspace       used 25813K, committed 26176K, reserved 1114112K
  class space    used 3423K, committed 3584K, reserved 1048576K
}
Event: 2.012 GC heap after
{Heap after GC invocations=5 (full 0):
 garbage-first heap   total 61440K, used 15579K [0x0000000702c00000, 0x0000000800000000)
  region size 2048K, 2 young (4096K), 2 survivors (4096K)
 Metaspace       used 25813K, committed 26176K, reserved 1114112K
  class space    used 3423K, committed 3584K, reserved 1048576K
}
Event: 2.048 GC heap before
{Heap before GC invocations=5 (full 0):
 garbage-first heap   total 61440K, used 17627K [0x0000000702c00000, 0x0000000800000000)
  region size 2048K, 3 young (6144K), 2 survivors (4096K)
 Metaspace       used 26265K, committed 26688K, reserved 1114112K
  class space    used 3497K, committed 3712K, reserved 1048576K
}
Event: 2.050 GC heap after
{Heap after GC invocations=6 (full 0):
 garbage-first heap   total 61440K, used 16010K [0x0000000702c00000, 0x0000000800000000)
  region size 2048K, 1 young (2048K), 1 survivors (2048K)
 Metaspace       used 26265K, committed 26688K, reserved 1114112K
  class space    used 3497K, committed 3712K, reserved 1048576K
}
Event: 2.435 GC heap before
{Heap before GC invocations=6 (full 0):
 garbage-first heap   total 61440K, used 38538K [0x0000000702c00000, 0x0000000800000000)
  region size 2048K, 13 young (26624K), 1 survivors (2048K)
 Metaspace       used 31019K, committed 31424K, reserved 1114112K
  class space    used 4076K, committed 4224K, reserved 1048576K
}
Event: 2.438 GC heap after
{Heap after GC invocations=7 (full 0):
 garbage-first heap   total 61440K, used 17843K [0x0000000702c00000, 0x0000000800000000)
  region size 2048K, 2 young (4096K), 2 survivors (4096K)
 Metaspace       used 31019K, committed 31424K, reserved 1114112K
  class space    used 4076K, committed 4224K, reserved 1048576K
}
Event: 2.813 GC heap before
{Heap before GC invocations=7 (full 0):
 garbage-first heap   total 61440K, used 42419K [0x0000000702c00000, 0x0000000800000000)
  region size 2048K, 14 young (28672K), 2 survivors (4096K)
 Metaspace       used 35160K, committed 35712K, reserved 1114112K
  class space    used 4661K, committed 4928K, reserved 1048576K
}
Event: 2.815 GC heap after
{Heap after GC invocations=8 (full 0):
 garbage-first heap   total 61440K, used 19178K [0x0000000702c00000, 0x0000000800000000)
  region size 2048K, 2 young (4096K), 2 survivors (4096K)
 Metaspace       used 35160K, committed 35712K, reserved 1114112K
  class space    used 4661K, committed 4928K, reserved 1048576K
}
Event: 2.835 GC heap before
{Heap before GC invocations=8 (full 0):
 garbage-first heap   total 61440K, used 19178K [0x0000000702c00000, 0x0000000800000000)
  region size 2048K, 3 young (6144K), 2 survivors (4096K)
 Metaspace       used 35474K, committed 35968K, reserved 1114112K
  class space    used 4716K, committed 4928K, reserved 1048576K
}
Event: 2.837 GC heap after
{Heap after GC invocations=9 (full 0):
 garbage-first heap   total 61440K, used 19187K [0x0000000702c00000, 0x0000000800000000)
  region size 2048K, 1 young (2048K), 1 survivors (2048K)
 Metaspace       used 35474K, committed 35968K, reserved 1114112K
  class space    used 4716K, committed 4928K, reserved 1048576K
}
Event: 3.370 GC heap before
{Heap before GC invocations=10 (full 0):
 garbage-first heap   total 61440K, used 43763K [0x0000000702c00000, 0x0000000800000000)
  region size 2048K, 14 young (28672K), 1 survivors (2048K)
 Metaspace       used 44567K, committed 45056K, reserved 1114112K
  class space    used 6034K, committed 6272K, reserved 1048576K
}
Event: 3.372 GC heap after
{Heap after GC invocations=11 (full 0):
 garbage-first heap   total 61440K, used 21690K [0x0000000702c00000, 0x0000000800000000)
  region size 2048K, 2 young (4096K), 2 survivors (4096K)
 Metaspace       used 44567K, committed 45056K, reserved 1114112K
  class space    used 6034K, committed 6272K, reserved 1048576K
}
Event: 3.421 GC heap before
{Heap before GC invocations=11 (full 0):
 garbage-first heap   total 61440K, used 23738K [0x0000000702c00000, 0x0000000800000000)
  region size 2048K, 3 young (6144K), 2 survivors (4096K)
 Metaspace       used 45291K, committed 45760K, reserved 1114112K
  class space    used 6124K, committed 6336K, reserved 1048576K
}
Event: 3.424 GC heap after
{Heap after GC invocations=12 (full 0):
 garbage-first heap   total 61440K, used 21506K [0x0000000702c00000, 0x0000000800000000)
  region size 2048K, 1 young (2048K), 1 survivors (2048K)
 Metaspace       used 45291K, committed 45760K, reserved 1114112K
  class space    used 6124K, committed 6336K, reserved 1048576K
}
Event: 3.744 GC heap before
{Heap before GC invocations=12 (full 0):
 garbage-first heap   total 61440K, used 44034K [0x0000000702c00000, 0x0000000800000000)
  region size 2048K, 12 young (24576K), 1 survivors (2048K)
 Metaspace       used 50422K, committed 50880K, reserved 1114112K
  class space    used 6801K, committed 6976K, reserved 1048576K
}
Event: 3.746 GC heap after
{Heap after GC invocations=13 (full 0):
 garbage-first heap   total 161792K, used 22305K [0x0000000702c00000, 0x0000000800000000)
  region size 2048K, 1 young (2048K), 1 survivors (2048K)
 Metaspace       used 50422K, committed 50880K, reserved 1114112K
  class space    used 6801K, committed 6976K, reserved 1048576K
}
Event: 4.287 GC heap before
{Heap before GC invocations=13 (full 0):
 garbage-first heap   total 161792K, used 61217K [0x0000000702c00000, 0x0000000800000000)
  region size 2048K, 21 young (43008K), 1 survivors (2048K)
 Metaspace       used 59836K, committed 60288K, reserved 1114112K
  class space    used 8242K, committed 8448K, reserved 1048576K
}
Event: 4.289 GC heap after
{Heap after GC invocations=14 (full 0):
 garbage-first heap   total 161792K, used 24472K [0x0000000702c00000, 0x0000000800000000)
  region size 2048K, 2 young (4096K), 2 survivors (4096K)
 Metaspace       used 59836K, committed 60288K, reserved 1114112K
  class space    used 8242K, committed 8448K, reserved 1048576K
}

